 Warning: Only a single CPU will be used!

     Program TDDFPT_PP v.7.3.1 starts on 29Aug2024 at 20:49:20 
        Git branch: develop
        Last git commit: de3035747f5d8f2ec9a67869827341ebb43f5b12
        Last git commit date: Tue May 7 11:03:11 2024 +0000
        Last git commit subject: Merge branch 'LR_Modules-ZGEMM' into 'develop'

     This program is part of the open-source Quantum ESPRESSO suite
     for quantum simulation of materials; please cite
         "P. Giannozzi et al., J. Phys.:Condens. Matter 21 395502 (2009);
         "P. Giannozzi et al., J. Phys.:Condens. Matter 29 465901 (2017);
         "P. Giannozzi et al., J. Chem. Phys. 152 154105 (2020);
          URL http://www.quantum-espresso.org", 
     in publications or presentations arising from this work. More details at
     http://www.quantum-espresso.org/quote

     Parallel version (MPI), running on    32 processors

     MPI processes distributed on     1 nodes
     R & G space division:  proc/nbgrp/npool/nimage =      32
     240274 MiB available memory on the printing compute node when the environment starts


     Reading    500 Lanczos steps for direction 1
        500 steps will be considered


     Reading    500 Lanczos steps for direction 2
        500 steps will be considered


     Reading    500 Lanczos steps for direction 3
        500 steps will be considered


     Polarization direction:1
     Lanczos coefficients:
     Average =    13.27784434
     Average oscillation amplitude =     0.24062219

     Polarization direction:2
     Lanczos coefficients:
     Average =    13.27832613
     Average oscillation amplitude =     0.24063828

     Polarization direction:3
     Lanczos coefficients:
     Average =    13.27801540
     Average oscillation amplitude =     0.22646675

     Data ready, starting to calculate observables...

     Broadening =      0.01000000 Ry

     Output file name: C6H6.plot_chi.dat

     Output file name for the oscillator strength S  C6H6.plot_S.dat

     chi_i_j: dipole polarizability tensor  in units of e^2*a_0^2/energy

     S: oscillator strength in units of 1/energy

     S(\hbar \omega) = 2m/( 3 \pi e^2 \hbar)  \omega sum_j chi_j_j

     S(\hbar \omega) satisfies the f-sum rule:  \int_0^\infty dE S(E) = N_el 

     Functions are reported in \hbar.\omega  Energy unit is (Ry)

     TDDFPT_PP    :      4.65s CPU      4.66s WALL


   This run was terminated on:  20:49:25  29Aug2024            

=------------------------------------------------------------------------------=
   JOB DONE.
=------------------------------------------------------------------------------=
